{
  "RSpec": {
    "coverage": {
      "/media/bola/BolahSD/WORKSPACE/WebProjects/microverse-student/challenges/data_structure_ruby/spec/linkedlist_spec.rb": [
        null,
        null,
        1,
        null,
        1,
        2,
        null,
        1,
        1,
        1,
        1,
        1,
        null,
        null,
        null,
        null,
        1,
        4,
        null,
        1,
        1,
        1,
        1,
        1,
        1,
        1,
        null,
        null,
        1,
        1,
        1,
        1,
        null,
        null,
        1,
        1,
        1,
        null,
        null,
        null,
        null,
        1,
        4,
        null,
        1,
        1,
        1,
        1,
        1,
        1,
        1,
        1,
        1,
        null,
        null,
        null,
        1,
        1,
        1,
        1,
        null,
        null,
        1,
        1,
        null,
        null,
        null
      ],
      "/media/bola/BolahSD/WORKSPACE/WebProjects/microverse-student/challenges/data_structure_ruby/lib/linkedlist.rb": [
        null,
        null,
        null,
        1,
        1,
        null,
        1,
        13,
        13,
        null,
        null,
        null,
        null,
        1,
        1,
        10,
        10,
        null,
        null,
        1,
        5,
        5,
        5,
        8,
        null,
        4,
        4,
        null,
        null,
        null,
        1,
        2,
        null,
        1,
        null,
        null,
        1,
        3,
        3,
        null,
        3,
        null,
        2,
        1,
        1,
        1,
        null,
        null,
        1,
        null,
        1,
        null,
        null,
        1,
        3,
        3,
        null,
        3,
        null,
        2,
        2,
        null,
        null,
        1,
        null,
        1,
        5,
        5,
        null,
        2,
        2,
        null,
        null,
        null,
        1,
        2,
        null,
        2,
        null,
        2,
        2,
        null,
        null,
        1,
        1,
        null,
        1,
        1,
        1,
        null,
        null,
        1,
        3,
        3,
        3,
        null,
        3,
        null,
        3,
        null,
        null
      ]
    },
    "timestamp": 1560033845
  }
}
