{
  "RSpec": {
    "coverage": {
      "/media/bola/BolahSD/WORKSPACE/WebProjects/microverse-student/challenges/data_structure_ruby/spec/graph_cycle_spec.rb": [
        null,
        null,
        1,
        null,
        1,
        1,
        null,
        1,
        null,
        null,
        null,
        null,
        null,
        null,
        null,
        null,
        1,
        1,
        null,
        null,
        null,
        1,
        1,
        null,
        1,
        null,
        null,
        null,
        null,
        null,
        null,
        null,
        null,
        null,
        1,
        1,
        null,
        null,
        null,
        1,
        1,
        null,
        1,
        null,
        null,
        null,
        null,
        null,
        null,
        null,
        null,
        1,
        1,
        null,
        null
      ],
      "/media/bola/BolahSD/WORKSPACE/WebProjects/microverse-student/challenges/data_structure_ruby/lib/graph_cycle.rb": [
        null,
        null,
        1,
        3,
        3,
        null,
        3,
        19,
        19,
        null,
        18,
        null,
        18,
        53,
        null,
        null,
        2,
        null
      ],
      "/media/bola/BolahSD/WORKSPACE/WebProjects/microverse-student/challenges/data_structure_ruby/spec/greatest_peaks_spec.rb": [
        null,
        null,
        1,
        null,
        1,
        1,
        null,
        1,
        null,
        null,
        null,
        null,
        null,
        1,
        1,
        null,
        null,
        1,
        1,
        null,
        1,
        null,
        null,
        null,
        null,
        1,
        1,
        null,
        null,
        null,
        null,
        1,
        1,
        null,
        1,
        null,
        null,
        null,
        null,
        null,
        null,
        1,
        1,
        null,
        null,
        null,
        1,
        1,
        null,
        1,
        null,
        null,
        null,
        null,
        null,
        null,
        1,
        1,
        null,
        null,
        null,
        1,
        1,
        null,
        1,
        null,
        null,
        null,
        null,
        null,
        null,
        null,
        1,
        1,
        null,
        null
      ],
      "/media/bola/BolahSD/WORKSPACE/WebProjects/microverse-student/challenges/data_structure_ruby/lib/greatest_peaks.rb": [
        null,
        null,
        1,
        10,
        null,
        10,
        10,
        10,
        10,
        10,
        524,
        30,
        null,
        10,
        null,
        null,
        1,
        326,
        null,
        30,
        30,
        30,
        30,
        null,
        null,
        1,
        524,
        null,
        null,
        1,
        1078,
        null,
        590,
        null,
        560,
        null,
        null,
        1,
        590,
        null,
        446,
        446,
        446,
        null,
        null,
        140,
        140,
        null,
        null,
        1,
        1698,
        null,
        null,
        1,
        238,
        null,
        null,
        null,
        null,
        1,
        184,
        184,
        null,
        null,
        1,
        184,
        184,
        null,
        null,
        1,
        140,
        140,
        null,
        null,
        1,
        140,
        140,
        null,
        null,
        1,
        140,
        140,
        null,
        null,
        1,
        null,
        null,
        null,
        null,
        null,
        null,
        null,
        null,
        1,
        null,
        null,
        null,
        null,
        null,
        null,
        null,
        null,
        1,
        null,
        null,
        null,
        null,
        null,
        null,
        null,
        null,
        null,
        null,
        null,
        1,
        null,
        null,
        null,
        null,
        null,
        null,
        null,
        null,
        null,
        null,
        null,
        1,
        null,
        null,
        null,
        null,
        null,
        null,
        null,
        null,
        null,
        null
      ],
      "/media/bola/BolahSD/WORKSPACE/WebProjects/microverse-student/challenges/data_structure_ruby/spec/linkedlist_spec.rb": [
        null,
        null,
        1,
        null,
        1,
        2,
        null,
        1,
        1,
        1,
        1,
        1,
        null,
        null,
        null,
        null,
        1,
        4,
        null,
        1,
        1,
        1,
        1,
        1,
        1,
        1,
        null,
        null,
        1,
        1,
        1,
        1,
        null,
        null,
        1,
        1,
        1,
        null,
        null,
        null,
        null,
        1,
        4,
        null,
        1,
        1,
        1,
        1,
        1,
        1,
        1,
        1,
        1,
        null,
        null,
        null,
        1,
        1,
        1,
        1,
        null,
        null,
        1,
        1,
        null,
        null,
        null
      ],
      "/media/bola/BolahSD/WORKSPACE/WebProjects/microverse-student/challenges/data_structure_ruby/lib/linkedlist.rb": [
        null,
        null,
        null,
        1,
        1,
        null,
        1,
        13,
        13,
        null,
        null,
        null,
        null,
        1,
        1,
        10,
        10,
        null,
        null,
        1,
        5,
        5,
        5,
        8,
        null,
        4,
        4,
        null,
        null,
        null,
        1,
        2,
        null,
        1,
        null,
        null,
        1,
        3,
        3,
        null,
        3,
        null,
        2,
        1,
        1,
        1,
        null,
        null,
        1,
        null,
        1,
        null,
        null,
        1,
        3,
        3,
        null,
        3,
        null,
        2,
        2,
        null,
        null,
        1,
        null,
        1,
        5,
        5,
        null,
        2,
        2,
        null,
        null,
        null,
        1,
        2,
        null,
        2,
        null,
        2,
        2,
        null,
        null,
        1,
        1,
        null,
        1,
        1,
        1,
        null,
        null,
        1,
        3,
        3,
        3,
        null,
        3,
        null,
        3,
        null,
        null
      ]
    },
    "timestamp": 1560308107
  }
}
